<?xml version="1.0" encoding="UTF-8"?>
<testsuites name="TL_Login" time="38.2" tests="0" failures="0" errors="0">
   <testsuite name="TL_Login" tests="0" failures="0" errors="0" time="38.2" skipped="0" timestamp="28-01-2024T18:07:48" hostname="HP - LAPTOP-UTD793V8" id="Test Suites/Test Listener/TL_Login">
      <properties>
         <property name="deviceName" value=""/>
         <property name="devicePlatform" value=""/>
         <property name="logFolder" value="C:\\Users\\HP\\Katalon Studio\\Katalon_priya_more\\Reports\\20240128_180720\\Test Listener\\TL_Login\\20240128_180727"/>
         <property name="logFiles" value="C:\\Users\\HP\\Katalon Studio\\Katalon_priya_more\\Reports\\20240128_180720\\Test Listener\\TL_Login\\20240128_180727\\execution0.log"/>
         <property name="attachments" value=""/>
         <property name="hostName" value="HP - LAPTOP-UTD793V8"/>
         <property name="os" value="Windows 11 64bit"/>
         <property name="katalonVersion" value="9.2.0.212"/>
         <property name="browser" value="null"/>
         <property name="hostAddress" value="192.168.50.41"/>
         <property name="sessionId" value="b909300b12e71daed911892cd34897aa"/>
         <property name="seleniumVersion" value="3.141.59"/>
         <property name="proxyInformation" value="ProxyInformation { proxyOption=NO_PROXY, proxyServerType=HTTP, username=, password=********, proxyServerAddress=, proxyServerPort=0, executionList=&quot;&quot;, isApplyToDesiredCapabilities=true }"/>
         <property name="platform" value="Windows 11"/>
      </properties>
      <system-out><![CDATA[28-01-2024T18:07:48 - [TEST_SUITE][PASSED] - TL_Login: null]]></system-out>
      <system-err><![CDATA[]]></system-err>
   </testsuite>
</testsuites>
