<?xml version="1.0" encoding="UTF-8"?>
<testsuites name="TL_Login" time="135.334" tests="1" failures="0" errors="0">
   <testsuite name="TL_Login" tests="1" failures="0" errors="0" time="135.334" skipped="0" timestamp="28-01-2024T18:22:08" hostname="HP - LAPTOP-UTD793V8" id="Test Suites/Test Listener/TL_Login">
      <properties>
         <property name="deviceName" value=""/>
         <property name="devicePlatform" value=""/>
         <property name="logFolder" value="C:\\Users\\HP\\Katalon Studio\\Katalon_priya_more\\Reports\\20240128_182202\\Test Listener\\TL_Login\\20240128_182202"/>
         <property name="logFiles" value="C:\\Users\\HP\\Katalon Studio\\Katalon_priya_more\\Reports\\20240128_182202\\Test Listener\\TL_Login\\20240128_182202\\execution0.log"/>
         <property name="attachments" value=""/>
         <property name="hostName" value="HP - LAPTOP-UTD793V8"/>
         <property name="os" value="Windows 11 64bit"/>
         <property name="katalonVersion" value="9.2.0.212"/>
         <property name="browser" value="Edge Chromium 121"/>
         <property name="hostAddress" value="192.168.50.41"/>
         <property name="sessionId" value="5628a2bc5103fc304df69037746da20e"/>
         <property name="seleniumVersion" value="3.141.59"/>
         <property name="proxyInformation" value="ProxyInformation { proxyOption=NO_PROXY, proxyServerType=HTTP, username=, password=********, proxyServerAddress=, proxyServerPort=0, executionList=&quot;&quot;, isApplyToDesiredCapabilities=true }"/>
         <property name="platform" value="Windows 11"/>
      </properties>
      <testcase name="Test Cases/TestListener/TC_Login_successful" time="110.579" classname="Test Cases/TestListener/TC_Login_successful" status="PASSED">
         <system-out><![CDATA[28-01-2024T18:22:32 - [TEST_CASE][PASSED] - Test Cases/TestListener/TC_Login_successful: Test Cases/TestListener/TC_Login_successful

28-01-2024T18:22:33 - [TEST_STEP][PASSED] - openBrowser(""): Browser is opened with url: ''

28-01-2024T18:22:33 - [MESSAGE][WARNING] - A browser is already opened. Closing browser and opening a new one

28-01-2024T18:22:33 - [MESSAGE][INFO] - Starting 'Edge Chromium' driver

28-01-2024T18:22:34 - [MESSAGE][INFO] - Action delay is set to 0 milliseconds

28-01-2024T18:22:36 - [MESSAGE][PASSED] - Browser is opened with url: ''

28-01-2024T18:22:36 - [TEST_STEP][PASSED] - navigateToUrl("https://www.amazon.in/"): Navigate to 'https://www.amazon.in/' successfully

28-01-2024T18:22:51 - [MESSAGE][PASSED] - Navigate to 'https://www.amazon.in/' successfully

28-01-2024T18:22:51 - [TEST_STEP][PASSED] - click(findTestObject("Object Repository/Page_Online Shopping site in India Shop Onl_10c5f3/span_Hello, sign in")): Object: 'Object Repository/Page_Online Shopping site in India Shop Onl_10c5f3/span_Hello, sign in' is clicked on

28-01-2024T18:22:56 - [MESSAGE][PASSED] - Object: 'Object Repository/Page_Online Shopping site in India Shop Onl_10c5f3/span_Hello, sign in' is clicked on

28-01-2024T18:22:56 - [TEST_STEP][PASSED] - setText(findTestObject("Object Repository/Page_Amazon Sign In/input_Email or mobile phone number_email"), "7798976022"): Text '7798976022' is set on object 'Object Repository/Page_Amazon Sign In/input_Email or mobile phone number_email'

28-01-2024T18:22:58 - [MESSAGE][PASSED] - Text '7798976022' is set on object 'Object Repository/Page_Amazon Sign In/input_Email or mobile phone number_email'

28-01-2024T18:22:58 - [TEST_STEP][PASSED] - click(findTestObject("Object Repository/Page_Amazon Sign In/input_Enter your email or mobile phone numb_fc7402")): Object: 'Object Repository/Page_Amazon Sign In/input_Enter your email or mobile phone numb_fc7402' is clicked on

28-01-2024T18:23:01 - [MESSAGE][PASSED] - Object: 'Object Repository/Page_Amazon Sign In/input_Enter your email or mobile phone numb_fc7402' is clicked on

28-01-2024T18:23:01 - [TEST_STEP][PASSED] - setEncryptedText(findTestObject("Object Repository/Page_Amazon Sign In/input_Forgot Password_password"), "Q1r2Exj96yutof03rfSzoA=="): Text ****** has been set on object 'Object Repository/Page_Amazon Sign In/input_Forgot Password_password'

28-01-2024T18:23:02 - [MESSAGE][PASSED] - Text ****** has been set on object 'Object Repository/Page_Amazon Sign In/input_Forgot Password_password'

28-01-2024T18:23:02 - [TEST_STEP][PASSED] - click(findTestObject("Object Repository/Page_Amazon Sign In/input_Enter your password_signInSubmit")): Object: 'Object Repository/Page_Amazon Sign In/input_Enter your password_signInSubmit' is clicked on

28-01-2024T18:23:02 - [MESSAGE][PASSED] - Object: 'Object Repository/Page_Amazon Sign In/input_Enter your password_signInSubmit' is clicked on

28-01-2024T18:23:02 - [TEST_STEP][PASSED] - click(findTestObject("Object Repository/Page_Online Shopping site in India Shop Onl_10c5f3/span_All")): Object: 'Object Repository/Page_Online Shopping site in India Shop Onl_10c5f3/span_All' is clicked on

28-01-2024T18:23:33 - [MESSAGE][INFO] - Unable to find the element located by 'By.xpath: //a[@id='nav-hamburger-menu']/span'. Please recheck the objects properties to make sure the desired element is located. 

28-01-2024T18:23:33 - [MESSAGE][WARNING] - [SELF-HEALING] Failed to find element with id 'Object Repository/Page_Online Shopping site in India Shop Onl_10c5f3/span_All'. Try using Self-healing.

28-01-2024T18:23:34 - [MESSAGE][INFO] - [SELF-HEALING] Failed Locator: '//a[@id='nav-hamburger-menu']/span'.

28-01-2024T18:23:34 - [MESSAGE][INFO] - [SELF-HEALING] Failed Locator: '//div[5]/div/a/span'.

28-01-2024T18:23:35 - [MESSAGE][INFO] - [SELF-HEALING] Failed Locator: '//span[(text() = 'All' or . = 'All')]'.

28-01-2024T18:23:36 - [MESSAGE][INFO] - Unable to find the element located by 'By.xpath: //*[(text() = 'All' or . = 'All')]'. Please recheck the objects properties to make sure the desired element is located. 

28-01-2024T18:23:47 - [MESSAGE][INFO] - [SELF-HEALING] Screenshot: C:/Users/HP/Katalon Studio/Katalon_priya_more/Reports/Self-healing/Object Repository/Page_Online Shopping site in India Shop Onl_10c5f3/span_All_CSS.png

28-01-2024T18:23:47 - [MESSAGE][WARNING] - [SELF-HEALING] The current locator of test object 'Object Repository/Page_Online Shopping site in India Shop Onl_10c5f3/span_All' was broken. Propose an alternative one: 'span.hm-icon-label'.

28-01-2024T18:23:47 - [MESSAGE][PASSED] - Object: 'Object Repository/Page_Online Shopping site in India Shop Onl_10c5f3/span_All' is clicked on

28-01-2024T18:23:47 - [TEST_STEP][PASSED] - click(findTestObject("Object Repository/Page_Online Shopping site in India Shop Onl_10c5f3/a_Sign Out")): Object: 'Object Repository/Page_Online Shopping site in India Shop Onl_10c5f3/a_Sign Out' is clicked on

28-01-2024T18:24:18 - [MESSAGE][INFO] - Unable to find the element located by 'By.xpath: //a[@onclick="$Nav.getNow('signInRedirect')('nav_em_hd_re_signin', '/gp/flex/sign-out.html?action=sign-out&path=%2Fgp%2Fhomepage.html%3F_encoding%3DUTF8%26ref_%3Dnavm_em_signin&signIn=1&useRedirectOnSuccess=1&ref_=nav_em_signout_0_1_1_36', 'nav_em_hd_clc_signin_0_1_1_36')"]'. Please recheck the objects properties to make sure the desired element is located. 

28-01-2024T18:24:18 - [MESSAGE][WARNING] - [SELF-HEALING] Failed to find element with id 'Object Repository/Page_Online Shopping site in India Shop Onl_10c5f3/a_Sign Out'. Try using Self-healing.

28-01-2024T18:24:19 - [MESSAGE][WARNING] - [SELF-HEALING] The current locator of test object 'Object Repository/Page_Online Shopping site in India Shop Onl_10c5f3/a_Sign Out' was broken. Propose an alternative one: '//div[@id='hmenu-content']/ul/li[31]/a'.

28-01-2024T18:24:21 - [MESSAGE][PASSED] - Object: 'Object Repository/Page_Online Shopping site in India Shop Onl_10c5f3/a_Sign Out' is clicked on

28-01-2024T18:24:21 - [TEST_STEP][PASSED] - closeBrowser(): Browser is closed

28-01-2024T18:24:23 - [MESSAGE][PASSED] - Browser is closed]]></system-out>
         <system-err><![CDATA[]]></system-err>
      </testcase>
      <system-out><![CDATA[28-01-2024T18:22:08 - [TEST_SUITE][PASSED] - TL_Login: Test Cases/TestListener/TC_Login_successful]]></system-out>
      <system-err><![CDATA[]]></system-err>
   </testsuite>
</testsuites>
